05/02/2020 22:02:19 INFO     Demarrage de BlindFTP
05/02/2020 22:02:24 INFO     Demarrage de BlindFTP
05/02/2020 22:02:24 INFO     HeartBeat : emission redemarree
05/02/2020 22:02:24 INFO     Synchronisation du repertoire "emission"
05/02/2020 22:02:24 INFO     Envoi du fichier emission/BlindFTP_documentation_FR.pdf...
05/02/2020 22:02:24 INFO     Reception de "BlindFTP_documentation_FR.pdf"...
05/02/2020 22:02:24 INFO     Envoi du fichier emission/Licence_CeCILL_V2-en.html...
05/02/2020 22:02:24 INFO     Reception de "Licence_CeCILL_V2-en.html"...
05/02/2020 22:02:24 INFO     Envoi du fichier emission/Licence_CeCILL_V2-fr.html...
05/02/2020 22:02:24 INFO     Reception de "Licence_CeCILL_V2-fr.html"...
05/02/2020 22:02:24 INFO     Fichier "Licence_CeCILL_V2-en.html" recu en entier, recopie a destination.
05/02/2020 22:02:24 INFO     Fichier "BlindFTP_documentation_FR.pdf" recu en entier, recopie a destination.
05/02/2020 22:02:24 INFO     Fichier "Licence_CeCILL_V2-fr.html" recu en entier, recopie a destination.
05/02/2020 22:02:29 INFO     Envoi du fichier emission/BlindFTP_documentation_FR.pdf...
05/02/2020 22:02:29 INFO     Envoi du fichier emission/Licence_CeCILL_V2-en.html...
05/02/2020 22:02:29 INFO     Envoi du fichier emission/Licence_CeCILL_V2-fr.html...
05/02/2020 22:02:34 INFO     Envoi du fichier emission/BlindFTP_documentation_FR.pdf...
05/02/2020 22:02:34 INFO     Envoi du fichier emission/Licence_CeCILL_V2-en.html...
05/02/2020 22:02:34 INFO     Envoi du fichier emission/Licence_CeCILL_V2-fr.html...
05/02/2020 22:02:39 INFO     Envoi du fichier emission/BlindFTP_documentation_FR.pdf...
05/02/2020 22:02:39 INFO     Envoi du fichier emission/Licence_CeCILL_V2-en.html...
05/02/2020 22:02:39 INFO     Envoi du fichier emission/Licence_CeCILL_V2-fr.html...
05/02/2020 22:02:44 INFO     Envoi du fichier emission/BlindFTP_documentation_FR.pdf...
05/02/2020 22:02:44 INFO     Envoi du fichier emission/Licence_CeCILL_V2-en.html...
05/02/2020 22:02:44 INFO     Envoi du fichier emission/Licence_CeCILL_V2-fr.html...
05/02/2020 22:03:04 INFO     Envoi du fichier emission/test...
05/02/2020 22:03:04 INFO     Reception de "test"...
05/02/2020 22:03:04 INFO     Fichier "test" recu en entier, recopie a destination.
05/02/2020 22:03:09 INFO     Envoi du fichier emission/test...
05/02/2020 22:03:14 INFO     Envoi du fichier emission/test...
05/02/2020 22:03:19 INFO     Envoi du fichier emission/test...
05/02/2020 22:03:24 INFO     Envoi du fichier emission/test...
11/02/2020 08:47:28 INFO     Demarrage de BlindFTP
11/02/2020 08:48:49 INFO     Demarrage de BlindFTP
11/02/2020 08:49:16 INFO     Demarrage de BlindFTP
