[supervisord]
logfile = /tmp/supervisord.log
logfile_maxbytes = 50MB
logfile_backups=10
loglevel = info
pidfile = /tmp/supervisord.pid
nodaemon = false
minfds = 1024
minprocs = 200
umask = 022
identifier = supervisor
directory = /tmp
nocleanup = true
childlogdir = /tmp
strip_ansi = false

[program:python-date]
command=sudo python3 /var/www/data-diode/fakeNTP/sntp-serv.py
autostart=true
autorestart=true
user=www-data
numprocs=1
redirect_stderr=true
stdout_logfile=/var/www/data-diode/fakeNTP/python-date.log

[program:python-uploaders]
command=sudo python3 /var/www/data-diode/uploadersScripts/db_uploaders_serv.py
autostart=true
autorestart=true
user=www-data
numprocs=1
redirect_stderr=true
stdout_logfile=/var/www/data-diode/uploadersScripts/python-uploaders.log

#addhere

[inet_http_server]
port=127.0.0.1:9001

[supervisorctl]
serverurl=http://127.0.0.1:9001

[rpcinterface:supervisor]
supervisor.rpcinterface_factory = supervisor.rpcinterface:make_main_rpcinterface

